<?xml version="1.0" encoding="UTF-8"?>
<testsuites name="Backend1" tests="2" time="0.000">
  <testsuite name="Get user" id="c45a4bf8-b94f-4115-a20f-fc6870e5b759" timestamp="2024-05-09T06:44:41.560Z" tests="2" failures="2" errors="1" time="0.000">
    <system-err><![CDATA[Iteration: 0
RequestError: Error: getaddrinfo ENOTFOUND backend1
    at GetAddrInfoReqWrap.onlookupall [as oncomplete] (node:dns:120:26)

---
]]></system-err>
    <testcase name="Status code is 200" time="0.000" classname="Backend1">
      <failure type="AssertionFailure" message="expected PostmanResponse{ …(5) } to have property 'code'">
        <![CDATA[Failed 1 times.]]>
        <![CDATA[Collection JSON ID: 887b2c52-7ac6-485d-b2bd-256931c259b3.]]>
        <![CDATA[Collection name: Backend1.]]>
        <![CDATA[Request name: Get user.]]>
        <![CDATA[Test description: Status code is 200.]]>
        <![CDATA[Error message: expected PostmanResponse{ …(5) } to have property 'code'.]]>
        <![CDATA[Stacktrace: AssertionError: expected PostmanResponse{ …(5) } to have property 'code'
   at Object.eval sandbox-script.js:1:1).]]>
      </failure>
    </testcase>
    <testcase name="Schema is valid" time="0.000" classname="Backend1">
      <failure type="AssertionFailure" message="&quot;undefined&quot; is not valid JSON">
        <![CDATA[Failed 1 times.]]>
        <![CDATA[Collection JSON ID: 887b2c52-7ac6-485d-b2bd-256931c259b3.]]>
        <![CDATA[Collection name: Backend1.]]>
        <![CDATA[Request name: Get user.]]>
        <![CDATA[Test description: Schema is valid.]]>
        <![CDATA[Error message: "undefined" is not valid JSON.]]>
        <![CDATA[Stacktrace: JSONError: "undefined" is not valid JSON
   at Object.eval sandbox-script.js:2:1).]]>
      </failure>
    </testcase>
  </testsuite>
  <testsuite name="Get merchant" id="9804594a-6017-481c-acf4-10c444e0f536" timestamp="2024-05-09T06:44:41.560Z" tests="2" failures="2" errors="1" time="0.000">
    <system-err><![CDATA[Iteration: 0
RequestError: Error: getaddrinfo ENOTFOUND backend1
    at GetAddrInfoReqWrap.onlookupall [as oncomplete] (node:dns:120:26)

---
]]></system-err>
    <testcase name="Status code is 200" time="0.000" classname="Backend1">
      <failure type="AssertionFailure" message="expected PostmanResponse{ …(5) } to have property 'code'">
        <![CDATA[Failed 1 times.]]>
        <![CDATA[Collection JSON ID: 887b2c52-7ac6-485d-b2bd-256931c259b3.]]>
        <![CDATA[Collection name: Backend1.]]>
        <![CDATA[Request name: Get merchant.]]>
        <![CDATA[Test description: Status code is 200.]]>
        <![CDATA[Error message: expected PostmanResponse{ …(5) } to have property 'code'.]]>
        <![CDATA[Stacktrace: AssertionError: expected PostmanResponse{ …(5) } to have property 'code'
   at Object.eval sandbox-script.js:1:2).]]>
      </failure>
    </testcase>
    <testcase name="Schema is valid" time="0.000" classname="Backend1">
      <failure type="AssertionFailure" message="&quot;undefined&quot; is not valid JSON">
        <![CDATA[Failed 1 times.]]>
        <![CDATA[Collection JSON ID: 887b2c52-7ac6-485d-b2bd-256931c259b3.]]>
        <![CDATA[Collection name: Backend1.]]>
        <![CDATA[Request name: Get merchant.]]>
        <![CDATA[Test description: Schema is valid.]]>
        <![CDATA[Error message: "undefined" is not valid JSON.]]>
        <![CDATA[Stacktrace: JSONError: "undefined" is not valid JSON
   at Object.eval sandbox-script.js:2:2).]]>
      </failure>
    </testcase>
  </testsuite>
</testsuites>